Matched on Address

  Parcel Number AIN/Tax Bill List Number   Sold Date  Sold Price  ...  Year Month   lrsn           PIN     AIN
0  NOT YET RECO       NOT YE    21-10130  2022-01-04    399000.0  ...  2022     1  70745  C17700010040  110318
1  NOT YET RECO       NOT YE    21-10130  2022-01-04    399000.0  ...  2022     1  70747  C17700010070  132577
2  NOT YET RECO       NOT YE    21-10130  2022-01-04    399000.0  ...  2022     1  70763  C17700010300  153119
3  NOT YET RECO       NOT YE    21-10130  2022-01-04    399000.0  ...  2022     1  70768  C17700010370  148855
4  NOT YET RECO       NOT YE    21-10130  2022-01-04    399000.0  ...  2022     1  70774  C177000128C0  185539
5  NOT YET RECO       NOT YE    21-10130  2022-01-04    399000.0  ...  2022     1  70791  C17700020130  146499
6  NOT YET RECO       NOT YE    21-10130  2022-01-04    399000.0  ...  2022     1  70792  C17700020140  119777
7  NOT YET RECO       NOT YE    21-10130  2022-01-04    399000.0  ...  2022     1  70797  C177000202A0  107962       
8  NOT YET RECO       NOT YE    21-10130  2022-01-04    399000.0  ...  2022     1  70805  C17700030070  136908       
9  NOT YET RECO       NOT YE    21-10130  2022-01-04    399000.0  ...  2022     1  71430  C484500000B0  167752       

[10 rows x 16 columns]
NOT Matched on Address

Empty DataFrame
Columns: [Parcel Number, AIN/Tax Bill, List Number, Sold Date, Sold Price, Address, City, State/Province, Postal Code, County, Legal, Year, Month, Matched_Address, SitusAddress, lrsn, PIN, AIN]
Index: []
PS C:\Users\dwolfe\Documents\Demo_Skills_SampleCode> 


Both my Power Query and Python are reading the same MLS files.
When I built a model with cascading tables in Power Query, I got over a thousand rows for the MLS Cleaned table, and over a thousand matches for PIN, 
From the table of only rejects from PIN match, I got 470 matches on AIN. 
From the table of only rejects of PIN and AIN, I got 369 rows matching on Address.
From the table of only rejects of PIN, AIN, and Address, I got 5 rows matching on Legal. 
I ended up with a reject pile of 96 rows that did not match on PIN, AIN, Address, or Legal.
This python is resulting an empty dataframe for "Not Matched on Address"
Explain?
