2024-09-03 13:34:10 - DEBUG - Logging setup completed
2024-09-03 13:34:10 - INFO - Script initialization started
2024-09-03 13:34:10 - INFO - Script execution started
2024-09-03 13:34:42 - INFO - Loading Excel file- this might take awhile...
2024-09-03 13:35:04 - DEBUG - Excel file loaded.
2024-09-03 13:35:07 - INFO - Created new output file: S:/Common/Comptroller Tech/Reports/MLS/01-07.24 Review/JantoJulyReview_Updated3.xlsx
2024-09-03 13:35:08 - INFO - Prompting for batch size
2024-09-03 13:35:32 - DEBUG - Logging setup completed
2024-09-03 13:35:32 - INFO - Script initialization started
2024-09-03 13:35:32 - INFO - Script execution started
2024-09-03 13:35:47 - INFO - Loading Excel file- this might take awhile...
2024-09-03 13:36:09 - DEBUG - Excel file loaded.
2024-09-03 13:36:12 - INFO - Created new output file: S:/Common/Comptroller Tech/Reports/MLS/01-07.24 Review/JantoJulyReview_Updated3.xlsx
2024-09-03 13:36:12 - INFO - Prompting for batch size
2024-09-03 13:49:05 - DEBUG - Logging setup completed
2024-09-03 13:49:05 - INFO - Script initialization started
2024-09-03 13:49:05 - INFO - Script execution started
2024-09-03 13:55:54 - DEBUG - Logging setup completed
2024-09-03 13:55:54 - INFO - Script initialization started
2024-09-03 13:55:54 - INFO - Script execution started
2024-09-03 13:56:05 - INFO - Loading Excel file- this might take awhile...
2024-09-03 13:56:27 - DEBUG - Excel file loaded.
2024-09-03 13:56:30 - INFO - Created new output file: S:/Common/Comptroller Tech/Reports/MLS/01-07.24 Review/JantoJulyReview_Updated3.xlsx
2024-09-03 13:56:30 - INFO - Prompting for batch size
2024-09-03 14:00:21 - WARNING - Batch size selection window closed without selection.
2024-09-03 14:01:42 - DEBUG - Logging setup completed
2024-09-03 14:01:42 - INFO - Script initialization started
2024-09-03 14:01:42 - INFO - Script execution started
2024-09-03 14:02:46 - INFO - User chose not to replace the existing file.
2024-09-03 14:02:46 - ERROR - No output file selected.
2024-09-03 14:02:46 - INFO - Script execution completed
2024-09-03 14:04:16 - DEBUG - Logging setup completed
2024-09-03 14:04:16 - INFO - Script initialization started
2024-09-03 14:04:16 - INFO - Script execution started
2024-09-03 14:04:31 - INFO - Loading Excel file- this might take awhile...
2024-09-03 14:04:43 - DEBUG - Excel file loaded.
2024-09-03 14:04:45 - INFO - Prompting for batch size
2024-09-03 14:08:11 - DEBUG - Logging setup completed
2024-09-03 14:08:11 - INFO - Script initialization started
2024-09-03 14:08:11 - INFO - Script execution started
2024-09-03 14:08:16 - INFO - Loading Excel file- this might take awhile...
2024-09-03 14:08:35 - DEBUG - Excel file loaded.
2024-09-03 14:08:37 - INFO - Prompting for batch size
2024-09-03 14:09:34 - WARNING - Batch size selection window closed without selection.
2024-09-03 14:09:51 - DEBUG - Logging setup completed
2024-09-03 14:09:51 - INFO - Script initialization started
2024-09-03 14:09:51 - INFO - Script execution started
2024-09-03 14:10:09 - INFO - Loading Excel file- this might take awhile...
2024-09-03 14:10:32 - DEBUG - Excel file loaded.
2024-09-03 14:10:34 - INFO - Prompting for batch size
2024-09-03 14:11:16 - DEBUG - Logging setup completed
2024-09-03 14:11:16 - INFO - Script initialization started
2024-09-03 14:11:16 - INFO - Script execution started
2024-09-03 14:11:21 - INFO - Loading Excel file- this might take awhile...
2024-09-03 14:11:44 - DEBUG - Excel file loaded.
2024-09-03 14:11:47 - INFO - Prompting for batch size
2024-09-03 14:15:24 - DEBUG - Logging setup completed
2024-09-03 14:15:24 - INFO - Script initialization started
2024-09-03 14:15:24 - INFO - Script execution started
2024-09-03 14:15:30 - INFO - Loading Excel file- this might take awhile...
2024-09-03 14:15:52 - DEBUG - Excel file loaded.
2024-09-03 14:15:55 - INFO - Prompting for batch size
2024-09-03 14:44:46 - DEBUG - Logging setup completed
2024-09-03 14:44:46 - INFO - Script initialization started
2024-09-03 14:44:46 - INFO - Script execution started
2024-09-03 14:44:52 - INFO - Loading Excel file- this might take awhile...
2024-09-03 14:45:14 - DEBUG - Excel file loaded.
2024-09-03 14:45:17 - INFO - Prompting for batch size
2024-09-03 14:50:31 - DEBUG - Logging setup completed
2024-09-03 14:50:31 - INFO - Script initialization started
2024-09-03 14:50:31 - INFO - Script execution started
2024-09-03 14:50:37 - INFO - Loading Excel file- this might take awhile...
2024-09-03 14:51:00 - DEBUG - Excel file loaded.
2024-09-03 14:51:02 - INFO - Prompting for batch size
2024-09-03 14:51:30 - DEBUG - Logging setup completed
2024-09-03 14:51:30 - INFO - Script initialization started
2024-09-03 14:51:30 - INFO - Script execution started
2024-09-03 14:51:38 - INFO - Loading Excel file- this might take awhile...
2024-09-03 14:52:01 - DEBUG - Excel file loaded.
2024-09-03 14:52:04 - INFO - Prompting for batch size
2024-09-03 14:56:23 - DEBUG - Logging setup completed
2024-09-03 14:56:23 - INFO - Script initialization started
2024-09-03 14:56:23 - INFO - Script execution started
2024-09-03 14:56:31 - INFO - Loading Excel file- this might take awhile...
2024-09-03 14:56:53 - DEBUG - Excel file loaded.
2024-09-03 14:56:56 - INFO - Prompting for batch size
2024-09-03 14:57:00 - INFO - Starting to process Excel row 2 (Log Record 1)
2024-09-03 14:57:01 - DEBUG - Raw row data: {'List Number': '24-1397', 'Property Type': 'Residential', 'Sold Date': Timestamp('2024-06-04 00:00:00'), 'Sold Price': 640000.0, 'Address': '6657  Portrush   Dr', 'Total SqFt.': 1859.0, 'Year Built': 2024.0, 'Lot Acres': 0.17, 'Total Bedrooms': 3.0, 'Total Bathrooms': 2.5, 'Parcel Number': 'RL7260020120', 'Legal': 'Lots 1 through 17, Block 1, and Lots 1 through 16, Block 2, Grace Meadows, according to the plat thereof recorded in', 'REO': 'No', 'AIN/Tax Bill': '348900', 'New Construction': 'Yes3', 'AIN': 348900.0, 'AIN.1': nan, 'pxfer_date': nan, 'AdjustedSalePrice': nan, 'Status': 'Error: AIN is not a valid number'}
2024-09-03 14:57:01 - DEBUG - Record 1: Raw AIN_value = 348900.0, Type: <class 'float'>
2024-09-03 14:57:01 - DEBUG - Record 1: Sales value = 640000.0, Type: <class 'float'>
2024-09-03 14:57:01 - DEBUG - Record 1: Comment = MLS
2024-09-03 14:57:01 - DEBUG - Record 1: AIN after conversion and padding = 348900
2024-09-03 14:57:01 - INFO - Record 1: Final processed AIN = 348900
2024-09-03 14:57:01 - DEBUG - Attempting to focus ProVal window with title 'ProVal'
2024-09-03 14:57:01 - DEBUG - Checking for ProVal process
2024-09-03 14:57:03 - DEBUG - ProVal window 'ProVal' is confirmed as active.
2024-09-03 14:57:07 - DEBUG - Record 1: About to input AIN: 348900
2024-09-03 14:57:08 - DEBUG - Record 1: Finished inputting AIN
2024-09-03 14:57:13 - INFO - Prompting for line of sale
2024-09-03 14:57:13 - DEBUG - Attempting to focus ProVal window with title 'ProVal'
2024-09-03 14:57:13 - DEBUG - Checking for ProVal process
2024-09-03 14:57:14 - DEBUG - ProVal window 'ProVal' is confirmed as active.
2024-09-03 14:57:34 - DEBUG - Attempting to focus ProVal window with title 'Update Sales Transaction Information'
2024-09-03 14:57:34 - DEBUG - Checking for ProVal process
2024-09-03 14:57:35 - ERROR - Error focusing ProVal window: list index out of range
2024-09-03 14:57:35 - DEBUG - Attempting to focus ProVal window with title 'ProVal'
2024-09-03 14:57:35 - DEBUG - Checking for ProVal process
2024-09-03 14:57:36 - DEBUG - ProVal window 'ProVal' is confirmed as active.
2024-09-03 14:57:36 - INFO - User exited line of sale selection.
2024-09-03 14:57:36 - INFO - Record 1: User skipped or exited the record.
2024-09-03 14:57:36 - INFO - Starting to process Excel row 3 (Log Record 2)
2024-09-03 14:57:36 - DEBUG - Raw row data: {'List Number': '24-1217', 'Property Type': 'Residential', 'Sold Date': Timestamp('2024-03-08 00:00:00'), 'Sold Price': 268000.0, 'Address': '775 E GREGORY   LN', 'Total SqFt.': 1216.0, 'Year Built': 1981.0, 'Lot Acres': 0.17, 'Total Bedrooms': 3.0, 'Total Bathrooms': 2.0, 'Parcel Number': 'C010000107A0', 'Legal': 'AMENDED PLAT OF WHISPERING PINES, LT 7A BLK 1 01 50N 04W', 'REO': 'No', 'AIN/Tax Bill': '123760', 'New Construction': 'No', 'AIN': 123760.0, 'AIN.1': nan, 'pxfer_date': nan, 'AdjustedSalePrice': nan, 'Status': 'Error: AIN is not a valid number'}
2024-09-03 14:57:36 - DEBUG - Record 2: Raw AIN_value = 123760.0, Type: <class 'float'>
2024-09-03 14:57:36 - DEBUG - Record 2: Sales value = 268000.0, Type: <class 'float'>
2024-09-03 14:57:36 - DEBUG - Record 2: Comment = MLS
2024-09-03 14:57:36 - DEBUG - Record 2: AIN after conversion and padding = 123760
2024-09-03 14:57:37 - INFO - Record 2: Final processed AIN = 123760
2024-09-03 14:57:37 - DEBUG - Attempting to focus ProVal window with title 'ProVal'
2024-09-03 14:57:37 - DEBUG - Checking for ProVal process
2024-09-03 14:57:38 - DEBUG - ProVal window 'ProVal' is confirmed as active.
2024-09-03 14:57:39 - DEBUG - Record 2: About to input AIN: 123760
2024-09-03 14:57:40 - DEBUG - Record 2: Finished inputting AIN
2024-09-03 14:57:44 - INFO - Prompting for line of sale
2024-09-03 14:57:44 - DEBUG - Attempting to focus ProVal window with title 'ProVal'
2024-09-03 14:57:44 - DEBUG - Checking for ProVal process
2024-09-03 14:57:46 - DEBUG - ProVal window 'ProVal' is confirmed as active.
2024-09-03 14:58:02 - DEBUG - Logging setup completed
2024-09-03 14:58:02 - INFO - Script initialization started
2024-09-03 14:58:02 - INFO - Script execution started
2024-09-03 14:58:08 - INFO - Loading Excel file- this might take awhile...
2024-09-03 14:58:31 - DEBUG - Excel file loaded.
2024-09-03 14:58:34 - INFO - Prompting for batch size
2024-09-03 14:58:37 - INFO - Starting to process Excel row 2 (Log Record 1)
2024-09-03 14:58:37 - DEBUG - Raw row data: {'List Number': '24-1397', 'Property Type': 'Residential', 'Sold Date': Timestamp('2024-06-04 00:00:00'), 'Sold Price': 640000.0, 'Address': '6657  Portrush   Dr', 'Total SqFt.': 1859.0, 'Year Built': 2024.0, 'Lot Acres': 0.17, 'Total Bedrooms': 3.0, 'Total Bathrooms': 2.5, 'Parcel Number': 'RL7260020120', 'Legal': 'Lots 1 through 17, Block 1, and Lots 1 through 16, Block 2, Grace Meadows, according to the plat thereof recorded in', 'REO': 'No', 'AIN/Tax Bill': '348900', 'New Construction': 'Yes3', 'AIN': 348900.0, 'AIN.1': nan, 'pxfer_date': nan, 'AdjustedSalePrice': nan, 'Status': 'Error: AIN is not a valid number'}
2024-09-03 14:58:37 - DEBUG - Record 1: Raw AIN_value = 348900.0, Type: <class 'float'>
2024-09-03 14:58:37 - DEBUG - Record 1: Sales value = 640000.0, Type: <class 'float'>
2024-09-03 14:58:37 - DEBUG - Record 1: Comment = MLS
2024-09-03 14:58:37 - DEBUG - Record 1: AIN after conversion and padding = 348900
2024-09-03 14:58:37 - INFO - Record 1: Final processed AIN = 348900
2024-09-03 14:58:37 - DEBUG - Attempting to focus ProVal window with title 'ProVal'
2024-09-03 14:58:37 - DEBUG - Checking for ProVal process
2024-09-03 14:58:40 - DEBUG - ProVal window 'ProVal' is confirmed as active.
2024-09-03 14:58:43 - DEBUG - Record 1: About to input AIN: 348900
2024-09-03 14:58:45 - DEBUG - Record 1: Finished inputting AIN
2024-09-03 14:58:49 - INFO - Prompting for line of sale
2024-09-03 14:58:49 - DEBUG - Attempting to focus ProVal window with title 'ProVal'
2024-09-03 14:58:49 - DEBUG - Checking for ProVal process
2024-09-03 14:58:50 - DEBUG - ProVal window 'ProVal' is confirmed as active.
2024-09-03 14:58:53 - DEBUG - Attempting to focus ProVal window with title 'Update Sales Transaction Information'
2024-09-03 14:58:53 - DEBUG - Checking for ProVal process
2024-09-03 14:58:54 - DEBUG - ProVal window 'Update Sales Transaction Information' is confirmed as active.
2024-09-03 14:58:57 - DEBUG - Record 1: About to input Sales value: 640000.0
2024-09-03 14:58:59 - DEBUG - Record 1: Finished inputting Sales value
2024-09-03 14:59:01 - DEBUG - Record 1: About to input Comment: MLS
2024-09-03 14:59:03 - DEBUG - Record 1: Finished inputting Comment
2024-09-03 14:59:06 - INFO - Record 1: Entered Successfully
2024-09-03 14:59:06 - INFO - Starting to process Excel row 3 (Log Record 2)
2024-09-03 14:59:06 - DEBUG - Raw row data: {'List Number': '24-1217', 'Property Type': 'Residential', 'Sold Date': Timestamp('2024-03-08 00:00:00'), 'Sold Price': 268000.0, 'Address': '775 E GREGORY   LN', 'Total SqFt.': 1216.0, 'Year Built': 1981.0, 'Lot Acres': 0.17, 'Total Bedrooms': 3.0, 'Total Bathrooms': 2.0, 'Parcel Number': 'C010000107A0', 'Legal': 'AMENDED PLAT OF WHISPERING PINES, LT 7A BLK 1 01 50N 04W', 'REO': 'No', 'AIN/Tax Bill': '123760', 'New Construction': 'No', 'AIN': 123760.0, 'AIN.1': nan, 'pxfer_date': nan, 'AdjustedSalePrice': nan, 'Status': 'Error: AIN is not a valid number'}
2024-09-03 14:59:06 - DEBUG - Record 2: Raw AIN_value = 123760.0, Type: <class 'float'>
2024-09-03 14:59:06 - DEBUG - Record 2: Sales value = 268000.0, Type: <class 'float'>
2024-09-03 14:59:07 - DEBUG - Record 2: Comment = MLS
2024-09-03 14:59:07 - DEBUG - Record 2: AIN after conversion and padding = 123760
2024-09-03 14:59:07 - INFO - Record 2: Final processed AIN = 123760
2024-09-03 14:59:07 - DEBUG - Attempting to focus ProVal window with title 'ProVal'
2024-09-03 14:59:07 - DEBUG - Checking for ProVal process
2024-09-03 14:59:08 - DEBUG - ProVal window 'ProVal' is confirmed as active.
2024-09-03 14:59:10 - DEBUG - Record 2: About to input AIN: 123760
2024-09-03 14:59:11 - DEBUG - Record 2: Finished inputting AIN
2024-09-03 14:59:15 - INFO - Prompting for line of sale
2024-09-03 14:59:15 - DEBUG - Attempting to focus ProVal window with title 'ProVal'
2024-09-03 14:59:15 - DEBUG - Checking for ProVal process
2024-09-03 14:59:17 - DEBUG - ProVal window 'ProVal' is confirmed as active.
2024-09-03 15:00:05 - DEBUG - Attempting to focus ProVal window with title 'Update Sales Transaction Information'
2024-09-03 15:00:05 - DEBUG - Checking for ProVal process
2024-09-03 15:00:06 - DEBUG - ProVal window 'Update Sales Transaction Information' is confirmed as active.
2024-09-03 15:00:07 - DEBUG - Attempting to focus ProVal window with title 'ProVal'
2024-09-03 15:00:07 - DEBUG - Checking for ProVal process
2024-09-03 15:00:08 - DEBUG - ProVal window 'ProVal' is confirmed as active.
2024-09-03 15:00:08 - INFO - User exited line of sale selection.
2024-09-03 15:00:08 - INFO - Record 2: User skipped or exited the record.
2024-09-03 15:00:08 - INFO - Starting to process Excel row 4 (Log Record 3)
2024-09-03 15:00:08 - DEBUG - Raw row data: {'List Number': '24-988', 'Property Type': 'Residential', 'Sold Date': Timestamp('2024-04-02 00:00:00'), 'Sold Price': 548950.0, 'Address': '3177 N Coco   St', 'Total SqFt.': 2241.0, 'Year Built': 2024.0, 'Lot Acres': 0.17, 'Total Bedrooms': 3.0, 'Total Bathrooms': 2.5, 'Parcel Number': 'PL7740020130', 'Legal': 'CORBINS MEADOW, LT 13 BLK 2 2551N05W', 'REO': 'No', 'AIN/Tax Bill': '349590', 'New Construction': 'Yes4', 'AIN': 349590.0, 'AIN.1': nan, 'pxfer_date': nan, 'AdjustedSalePrice': nan, 'Status': 'Error: AIN is not a valid number'}
2024-09-03 15:00:08 - DEBUG - Record 3: Raw AIN_value = 349590.0, Type: <class 'float'>
2024-09-03 15:00:08 - DEBUG - Record 3: Sales value = 548950.0, Type: <class 'float'>
2024-09-03 15:00:08 - DEBUG - Record 3: Comment = MLS
2024-09-03 15:00:08 - DEBUG - Record 3: AIN after conversion and padding = 349590
2024-09-03 15:00:08 - INFO - Record 3: Final processed AIN = 349590
2024-09-03 15:00:08 - DEBUG - Attempting to focus ProVal window with title 'ProVal'
2024-09-03 15:00:09 - DEBUG - Checking for ProVal process
2024-09-03 15:00:10 - DEBUG - ProVal window 'ProVal' is confirmed as active.
2024-09-03 15:00:12 - DEBUG - Record 3: About to input AIN: 349590
2024-09-03 15:00:13 - DEBUG - Record 3: Finished inputting AIN
2024-09-03 15:00:17 - INFO - Prompting for line of sale
2024-09-03 15:00:17 - DEBUG - Attempting to focus ProVal window with title 'ProVal'
2024-09-03 15:00:17 - DEBUG - Checking for ProVal process
2024-09-03 15:00:18 - DEBUG - ProVal window 'ProVal' is confirmed as active.
2024-09-03 15:00:20 - DEBUG - Attempting to focus ProVal window with title 'Update Sales Transaction Information'
2024-09-03 15:00:20 - DEBUG - Checking for ProVal process
2024-09-03 15:00:21 - ERROR - Error focusing ProVal window: list index out of range
2024-09-03 15:00:21 - DEBUG - Attempting to focus ProVal window with title 'ProVal'
2024-09-03 15:00:21 - DEBUG - Checking for ProVal process
2024-09-03 15:00:22 - DEBUG - ProVal window 'ProVal' is confirmed as active.
2024-09-03 15:00:22 - INFO - User exited line of sale selection.
2024-09-03 15:00:22 - INFO - Record 3: User skipped or exited the record.
2024-09-03 15:00:22 - INFO - Starting to process Excel row 5 (Log Record 4)
2024-09-03 15:00:23 - DEBUG - Raw row data: {'List Number': '24-909', 'Property Type': 'Residential', 'Sold Date': Timestamp('2024-05-17 00:00:00'), 'Sold Price': 530000.0, 'Address': '416 S PONDEROSA   LOOP', 'Total SqFt.': 1956.0, 'Year Built': 1984.0, 'Lot Acres': 0.3, 'Total Bedrooms': 4.0, 'Total Bathrooms': 2.0, 'Parcel Number': 'P66000010020', 'Legal': 'PONDEROSA PARK ADD, LT 2 BLK 1 01 50N 05W', 'REO': 'No', 'AIN/Tax Bill': '130296', 'New Construction': 'No', 'AIN': 130296.0, 'AIN.1': nan, 'pxfer_date': nan, 'AdjustedSalePrice': nan, 'Status': 'Error: AIN is not a valid number'}
2024-09-03 15:00:23 - DEBUG - Record 4: Raw AIN_value = 130296.0, Type: <class 'float'>
2024-09-03 15:00:23 - DEBUG - Record 4: Sales value = 530000.0, Type: <class 'float'>
2024-09-03 15:00:23 - DEBUG - Record 4: Comment = MLS
2024-09-03 15:00:23 - DEBUG - Record 4: AIN after conversion and padding = 130296
2024-09-03 15:00:23 - INFO - Record 4: Final processed AIN = 130296
2024-09-03 15:00:23 - DEBUG - Attempting to focus ProVal window with title 'ProVal'
2024-09-03 15:00:23 - DEBUG - Checking for ProVal process
2024-09-03 15:00:23 - DEBUG - ProVal window 'ProVal' is confirmed as active.
2024-09-03 15:00:25 - DEBUG - Record 4: About to input AIN: 130296
2024-09-03 15:00:26 - DEBUG - Record 4: Finished inputting AIN
2024-09-03 15:00:30 - INFO - Prompting for line of sale
2024-09-03 15:00:30 - DEBUG - Attempting to focus ProVal window with title 'ProVal'
2024-09-03 15:00:30 - DEBUG - Checking for ProVal process
2024-09-03 15:00:32 - DEBUG - ProVal window 'ProVal' is confirmed as active.
2024-09-03 15:00:38 - DEBUG - Attempting to focus ProVal window with title 'Update Sales Transaction Information'
2024-09-03 15:00:38 - DEBUG - Checking for ProVal process
2024-09-03 16:37:27 - DEBUG - Logging setup completed
2024-09-03 16:37:27 - INFO - Script initialization started
2024-09-03 16:37:27 - INFO - Script execution started
2024-09-03 16:37:45 - ERROR - File selection was cancelled.
2024-09-03 16:37:45 - ERROR - No output file selected.
2024-09-03 16:37:45 - INFO - Script execution completed
2024-09-03 16:37:59 - DEBUG - Logging setup completed
2024-09-03 16:37:59 - INFO - Script initialization started
2024-09-03 16:37:59 - INFO - Script execution started
2024-09-03 16:38:15 - ERROR - File selection was cancelled.
2024-09-03 16:38:16 - ERROR - No input file selected.
2024-09-03 16:38:16 - INFO - Script execution completed
2024-09-03 16:45:49 - DEBUG - Logging setup completed
2024-09-03 16:45:49 - INFO - Script initialization started
2024-09-03 16:45:49 - INFO - Script execution started
2024-09-03 16:50:38 - INFO - Loading Excel file- this might take awhile...
2024-09-03 16:50:52 - DEBUG - Excel file loaded.
2024-09-03 16:50:55 - INFO - Prompting for batch size
2024-09-03 16:51:04 - INFO - Starting to process Excel row 2 (Log Record 1)
2024-09-03 16:51:05 - DEBUG - Raw row data: {'List Number': '24-1397', 'Property Type': 'Residential', 'Sold Date': Timestamp('2024-06-04 00:00:00'), 'Sold Price': 640000.0, 'Address': '6657  Portrush   Dr', 'Total SqFt.': 1859.0, 'Year Built': 2024.0, 'Lot Acres': 0.17, 'Total Bedrooms': 3.0, 'Total Bathrooms': 2.5, 'Parcel Number': 'RL7260020120', 'Legal': 'Lots 1 through 17, Block 1, and Lots 1 through 16, Block 2, Grace Meadows, according to the plat thereof recorded in', 'REO': 'No', 'AIN/Tax Bill': '348900', 'New Construction': 'Yes3', 'AIN': 348900.0, 'AIN.1': nan, 'pxfer_date': nan, 'AdjustedSalePrice': nan, 'Status': 'Error: AIN is not a valid number'}
2024-09-03 16:51:05 - DEBUG - Record 1: Raw AIN_value = 348900.0, Type: <class 'float'>
2024-09-03 16:51:05 - DEBUG - Record 1: Sales value = 640000.0, Type: <class 'float'>
2024-09-03 16:51:05 - DEBUG - Record 1: Comment = MLS
2024-09-03 16:51:05 - DEBUG - Record 1: AIN after conversion and padding = 348900
2024-09-03 16:51:05 - INFO - Record 1: Final processed AIN = 348900
2024-09-03 16:51:05 - DEBUG - Attempting to focus ProVal window with title 'ProVal'
2024-09-03 16:51:05 - DEBUG - Checking for ProVal process
2024-09-03 16:51:07 - DEBUG - ProVal window 'ProVal' is confirmed as active.
2024-09-03 16:51:11 - DEBUG - Record 1: About to input AIN: 348900
2024-09-03 16:51:12 - DEBUG - Record 1: Finished inputting AIN
2024-09-03 16:51:16 - INFO - Prompting for line of sale
2024-09-03 16:51:16 - DEBUG - Attempting to focus ProVal window with title 'ProVal'
2024-09-03 16:51:16 - DEBUG - Checking for ProVal process
2024-09-03 16:51:18 - DEBUG - ProVal window 'ProVal' is confirmed as active.
2024-09-03 16:51:42 - DEBUG - Attempting to focus ProVal window with title 'Update Sales Transaction Information'
2024-09-03 16:51:42 - DEBUG - Checking for ProVal process
2024-09-03 16:51:43 - DEBUG - ProVal window 'Update Sales Transaction Information' is confirmed as active.
2024-09-03 16:51:46 - DEBUG - Record 1: About to input Sales value: 640000.0
2024-09-03 16:51:47 - DEBUG - Record 1: Finished inputting Sales value
2024-09-03 16:51:50 - DEBUG - Record 1: About to input Comment: MLS
2024-09-03 16:51:51 - DEBUG - Record 1: Finished inputting Comment
2024-09-03 16:51:55 - INFO - Record 1: Entered Successfully
2024-09-03 16:51:55 - INFO - Starting to process Excel row 3 (Log Record 2)
2024-09-03 16:51:55 - DEBUG - Raw row data: {'List Number': '24-1217', 'Property Type': 'Residential', 'Sold Date': Timestamp('2024-03-08 00:00:00'), 'Sold Price': 268000.0, 'Address': '775 E GREGORY   LN', 'Total SqFt.': 1216.0, 'Year Built': 1981.0, 'Lot Acres': 0.17, 'Total Bedrooms': 3.0, 'Total Bathrooms': 2.0, 'Parcel Number': 'C010000107A0', 'Legal': 'AMENDED PLAT OF WHISPERING PINES, LT 7A BLK 1 01 50N 04W', 'REO': 'No', 'AIN/Tax Bill': '123760', 'New Construction': 'No', 'AIN': 123760.0, 'AIN.1': nan, 'pxfer_date': nan, 'AdjustedSalePrice': nan, 'Status': 'Error: AIN is not a valid number'}
2024-09-03 16:51:55 - DEBUG - Record 2: Raw AIN_value = 123760.0, Type: <class 'float'>
2024-09-03 16:51:55 - DEBUG - Record 2: Sales value = 268000.0, Type: <class 'float'>
2024-09-03 16:51:55 - DEBUG - Record 2: Comment = MLS
2024-09-03 16:51:55 - DEBUG - Record 2: AIN after conversion and padding = 123760
2024-09-03 16:51:55 - INFO - Record 2: Final processed AIN = 123760
2024-09-03 16:51:55 - DEBUG - Attempting to focus ProVal window with title 'ProVal'
2024-09-03 16:51:55 - DEBUG - Checking for ProVal process
2024-09-03 16:51:57 - DEBUG - ProVal window 'ProVal' is confirmed as active.
2024-09-03 16:51:59 - DEBUG - Record 2: About to input AIN: 123760
2024-09-03 16:52:00 - DEBUG - Record 2: Finished inputting AIN
2024-09-03 16:52:04 - INFO - Prompting for line of sale
2024-09-03 16:52:04 - DEBUG - Attempting to focus ProVal window with title 'ProVal'
2024-09-03 16:52:04 - DEBUG - Checking for ProVal process
2024-09-03 16:52:05 - DEBUG - ProVal window 'ProVal' is confirmed as active.
2024-09-03 16:52:27 - DEBUG - Attempting to focus ProVal window with title 'Update Sales Transaction Information'
2024-09-03 16:52:27 - DEBUG - Checking for ProVal process
2024-09-03 16:52:28 - DEBUG - ProVal window 'Update Sales Transaction Information' is confirmed as active.
2024-09-03 16:52:32 - DEBUG - Record 2: About to input Sales value: 268000.0
2024-09-03 16:52:33 - DEBUG - Record 2: Finished inputting Sales value
2024-09-03 16:52:35 - DEBUG - Record 2: About to input Comment: MLS
2024-09-03 16:52:36 - DEBUG - Record 2: Finished inputting Comment
2024-09-03 16:52:40 - INFO - Record 2: Entered Successfully
2024-09-03 16:52:40 - INFO - Starting to process Excel row 4 (Log Record 3)
2024-09-03 16:52:40 - DEBUG - Raw row data: {'List Number': '24-988', 'Property Type': 'Residential', 'Sold Date': Timestamp('2024-04-02 00:00:00'), 'Sold Price': 548950.0, 'Address': '3177 N Coco   St', 'Total SqFt.': 2241.0, 'Year Built': 2024.0, 'Lot Acres': 0.17, 'Total Bedrooms': 3.0, 'Total Bathrooms': 2.5, 'Parcel Number': 'PL7740020130', 'Legal': 'CORBINS MEADOW, LT 13 BLK 2 2551N05W', 'REO': 'No', 'AIN/Tax Bill': '349590', 'New Construction': 'Yes4', 'AIN': 349590.0, 'AIN.1': nan, 'pxfer_date': nan, 'AdjustedSalePrice': nan, 'Status': 'Error: AIN is not a valid number'}
2024-09-03 16:52:40 - DEBUG - Record 3: Raw AIN_value = 349590.0, Type: <class 'float'>
2024-09-03 16:52:40 - DEBUG - Record 3: Sales value = 548950.0, Type: <class 'float'>
2024-09-03 16:52:40 - DEBUG - Record 3: Comment = MLS
2024-09-03 16:52:40 - DEBUG - Record 3: AIN after conversion and padding = 349590
2024-09-03 16:52:40 - INFO - Record 3: Final processed AIN = 349590
2024-09-03 16:52:40 - DEBUG - Attempting to focus ProVal window with title 'ProVal'
2024-09-03 16:52:40 - DEBUG - Checking for ProVal process
2024-09-03 16:52:42 - DEBUG - ProVal window 'ProVal' is confirmed as active.
2024-09-03 16:52:43 - DEBUG - Record 3: About to input AIN: 349590
2024-09-03 16:52:44 - DEBUG - Record 3: Finished inputting AIN
2024-09-03 16:52:48 - INFO - Prompting for line of sale
2024-09-03 16:52:48 - DEBUG - Attempting to focus ProVal window with title 'ProVal'
2024-09-03 16:52:48 - DEBUG - Checking for ProVal process
2024-09-03 16:52:50 - DEBUG - ProVal window 'ProVal' is confirmed as active.
2024-09-04 08:36:48 - DEBUG - Attempting to focus ProVal window with title 'Update Sales Transaction Information'
2024-09-04 08:36:48 - DEBUG - Checking for ProVal process
2024-09-04 08:36:50 - DEBUG - ProVal window 'Update Sales Transaction Information' is confirmed as active.
2024-09-04 08:36:50 - DEBUG - Attempting to focus ProVal window with title 'ProVal'
2024-09-04 08:36:50 - DEBUG - Checking for ProVal process
2024-09-04 08:36:51 - DEBUG - ProVal window 'ProVal' is confirmed as active.
2024-09-04 08:36:52 - INFO - User exited line of sale selection.
2024-09-04 08:36:52 - INFO - Record 3: User skipped or exited the record.
2024-09-04 08:36:52 - INFO - Starting to process Excel row 5 (Log Record 4)
2024-09-04 08:36:52 - DEBUG - Raw row data: {'List Number': '24-909', 'Property Type': 'Residential', 'Sold Date': Timestamp('2024-05-17 00:00:00'), 'Sold Price': 530000.0, 'Address': '416 S PONDEROSA   LOOP', 'Total SqFt.': 1956.0, 'Year Built': 1984.0, 'Lot Acres': 0.3, 'Total Bedrooms': 4.0, 'Total Bathrooms': 2.0, 'Parcel Number': 'P66000010020', 'Legal': 'PONDEROSA PARK ADD, LT 2 BLK 1 01 50N 05W', 'REO': 'No', 'AIN/Tax Bill': '130296', 'New Construction': 'No', 'AIN': 130296.0, 'AIN.1': nan, 'pxfer_date': nan, 'AdjustedSalePrice': nan, 'Status': 'Error: AIN is not a valid number'}
2024-09-04 08:36:52 - DEBUG - Record 4: Raw AIN_value = 130296.0, Type: <class 'float'>
2024-09-04 08:36:52 - DEBUG - Record 4: Sales value = 530000.0, Type: <class 'float'>
2024-09-04 08:36:52 - DEBUG - Record 4: Comment = MLS
2024-09-04 08:36:52 - DEBUG - Record 4: AIN after conversion and padding = 130296
2024-09-04 08:36:52 - INFO - Record 4: Final processed AIN = 130296
2024-09-04 08:36:52 - DEBUG - Attempting to focus ProVal window with title 'ProVal'
2024-09-04 08:36:52 - DEBUG - Checking for ProVal process
2024-09-04 08:36:53 - DEBUG - ProVal window 'ProVal' is confirmed as active.
2024-09-04 08:36:55 - DEBUG - Record 4: About to input AIN: 130296
2024-09-04 08:36:56 - DEBUG - Record 4: Finished inputting AIN
2024-09-04 08:37:00 - INFO - Prompting for line of sale
2024-09-04 08:37:00 - DEBUG - Attempting to focus ProVal window with title 'ProVal'
2024-09-04 08:37:00 - DEBUG - Checking for ProVal process
2024-09-04 08:37:01 - DEBUG - ProVal window 'ProVal' is confirmed as active.
2024-09-04 09:00:47 - DEBUG - Logging setup completed
2024-09-04 09:00:47 - INFO - Script initialization started
2024-09-04 09:00:47 - INFO - Script execution started
2024-09-04 09:06:02 - DEBUG - Logging setup completed
2024-09-04 09:06:02 - INFO - Script initialization started
2024-09-04 09:06:02 - INFO - Script execution started
2024-09-04 09:08:37 - INFO - Loading Excel file- this might take awhile...
2024-09-04 09:08:59 - DEBUG - Excel file loaded.
2024-09-04 09:09:02 - INFO - Prompting for batch size
2024-09-04 09:09:59 - DEBUG - Logging setup completed
2024-09-04 09:09:59 - INFO - Script initialization started
2024-09-04 09:09:59 - INFO - Script execution started
2024-09-04 09:10:05 - INFO - Loading Excel file- this might take awhile...
2024-09-04 09:10:27 - DEBUG - Excel file loaded.
2024-09-04 09:10:30 - INFO - Prompting for batch size
2024-09-04 09:10:48 - DEBUG - Logging setup completed
2024-09-04 09:10:48 - INFO - Script initialization started
2024-09-04 09:10:48 - INFO - Script execution started
2024-09-04 09:11:07 - DEBUG - Logging setup completed
2024-09-04 09:11:07 - INFO - Script initialization started
2024-09-04 09:11:07 - INFO - Script execution started
2024-09-04 09:11:18 - INFO - Loading Excel file- this might take awhile...
2024-09-04 09:11:39 - DEBUG - Excel file loaded.
2024-09-04 09:11:42 - INFO - Prompting for batch size
2024-09-04 09:44:10 - DEBUG - Logging setup completed
2024-09-04 09:44:10 - INFO - Script initialization started
2024-09-04 09:44:10 - INFO - Script execution started
2024-09-04 09:44:21 - INFO - Loading Excel file- this might take awhile...
2024-09-04 09:44:42 - DEBUG - Excel file loaded.
2024-09-04 09:44:45 - INFO - Prompting for batch size
2024-09-04 09:45:04 - DEBUG - Logging setup completed
2024-09-04 09:45:04 - INFO - Script initialization started
2024-09-04 09:45:04 - INFO - Script execution started
2024-09-04 09:45:14 - INFO - Loading Excel file- this might take awhile...
2024-09-04 09:45:37 - DEBUG - Excel file loaded.
2024-09-04 09:45:40 - INFO - Prompting for batch size
2024-09-04 09:58:01 - DEBUG - Logging setup completed
2024-09-04 09:58:01 - INFO - Script initialization started
2024-09-04 09:58:01 - INFO - Script execution started
2024-09-04 09:58:19 - ERROR - File selection was cancelled.
2024-09-04 09:58:19 - ERROR - No input file selected.
2024-09-04 09:58:19 - INFO - Script execution completed
2024-09-04 10:24:44 - DEBUG - Logging setup completed
2024-09-04 10:24:44 - INFO - Script initialization started
2024-09-04 10:24:44 - INFO - Script execution started
2024-09-04 10:24:55 - INFO - Loading Excel file- this might take awhile...
2024-09-04 10:25:18 - DEBUG - Excel file loaded.
2024-09-04 10:25:21 - INFO - Prompting for batch size
2024-09-04 10:25:37 - INFO - Starting to process Excel row 2 (Log Record 1)
2024-09-04 10:25:37 - DEBUG - Raw row data: {'List Number': '24-1397', 'Property Type': 'Residential', 'Sold Date': Timestamp('2024-06-04 00:00:00'), 'Sold Price': 640000.0, 'Address': '6657  Portrush   Dr', 'Total SqFt.': 1859.0, 'Year Built': 2024.0, 'Lot Acres': 0.17, 'Total Bedrooms': 3.0, 'Total Bathrooms': 2.5, 'Parcel Number': 'RL7260020120', 'Legal': 'Lots 1 through 17, Block 1, and Lots 1 through 16, Block 2, Grace Meadows, according to the plat thereof recorded in', 'REO': 'No', 'AIN/Tax Bill': '348900', 'New Construction': 'Yes3', 'AIN': 348900.0, 'AIN.1': nan, 'pxfer_date': nan, 'AdjustedSalePrice': nan, 'Status': 'Error: AIN is not a valid number'}
2024-09-04 10:25:37 - DEBUG - Attempting to focus ProVal window with title 'ProVal'
2024-09-04 10:25:37 - DEBUG - Checking for ProVal process
2024-09-04 10:25:39 - DEBUG - ProVal window 'ProVal' is confirmed as active.
2024-09-04 10:25:39 - DEBUG - Record 1: Raw AIN_value = 348900.0, Type: <class 'float'>
2024-09-04 10:25:39 - DEBUG - Record 1: Sales value = 640000.0, Type: <class 'float'>
2024-09-04 10:25:39 - DEBUG - Record 1: Comment = MLS
2024-09-04 10:25:39 - DEBUG - Record 1: AIN after conversion and padding = 348900
2024-09-04 10:25:39 - INFO - Record 1: Final processed AIN = 348900
2024-09-04 10:25:43 - DEBUG - Record 1: About to input AIN: 348900
2024-09-04 10:25:44 - DEBUG - Record 1: Finished inputting AIN
2024-09-04 10:25:48 - INFO - Prompting for line of sale
2024-09-04 10:25:49 - DEBUG - Attempting to focus ProVal window with title 'ProVal'
2024-09-04 10:25:49 - DEBUG - Checking for ProVal process
2024-09-04 10:25:50 - DEBUG - ProVal window 'ProVal' is confirmed as active.
2024-09-04 10:30:21 - DEBUG - Attempting to focus ProVal window with title 'Update Sales Transaction Information'
2024-09-04 10:30:21 - DEBUG - Checking for ProVal process
2024-09-04 10:30:21 - ERROR - Error focusing ProVal window: list index out of range
2024-09-04 10:30:21 - DEBUG - Attempting to focus ProVal window with title 'ProVal'
2024-09-04 10:30:21 - DEBUG - Checking for ProVal process
2024-09-04 10:30:22 - DEBUG - ProVal window 'ProVal' is confirmed as active.
2024-09-04 10:30:22 - INFO - User exited line of sale selection.
2024-09-04 10:30:22 - INFO - Record 1: User skipped or exited the record.
2024-09-04 10:30:22 - INFO - Starting to process Excel row 3 (Log Record 2)
2024-09-04 10:30:22 - DEBUG - Raw row data: {'List Number': '24-1217', 'Property Type': 'Residential', 'Sold Date': Timestamp('2024-03-08 00:00:00'), 'Sold Price': 268000.0, 'Address': '775 E GREGORY   LN', 'Total SqFt.': 1216.0, 'Year Built': 1981.0, 'Lot Acres': 0.17, 'Total Bedrooms': 3.0, 'Total Bathrooms': 2.0, 'Parcel Number': 'C010000107A0', 'Legal': 'AMENDED PLAT OF WHISPERING PINES, LT 7A BLK 1 01 50N 04W', 'REO': 'No', 'AIN/Tax Bill': '123760', 'New Construction': 'No', 'AIN': 123760.0, 'AIN.1': nan, 'pxfer_date': nan, 'AdjustedSalePrice': nan, 'Status': 'Error: AIN is not a valid number'}
2024-09-04 10:30:22 - DEBUG - Attempting to focus ProVal window with title 'ProVal'
2024-09-04 10:30:22 - DEBUG - Checking for ProVal process
2024-09-04 10:30:23 - DEBUG - ProVal window 'ProVal' is confirmed as active.
2024-09-04 10:30:23 - DEBUG - Record 2: Raw AIN_value = 123760.0, Type: <class 'float'>
2024-09-04 10:30:23 - DEBUG - Record 2: Sales value = 268000.0, Type: <class 'float'>
2024-09-04 10:30:23 - DEBUG - Record 2: Comment = MLS
2024-09-04 10:30:24 - DEBUG - Record 2: AIN after conversion and padding = 123760
2024-09-04 10:30:24 - INFO - Record 2: Final processed AIN = 123760
2024-09-04 10:30:25 - DEBUG - Record 2: About to input AIN: 123760
2024-09-04 10:30:26 - DEBUG - Record 2: Finished inputting AIN
2024-09-04 10:30:30 - INFO - Prompting for line of sale
2024-09-04 10:30:30 - DEBUG - Attempting to focus ProVal window with title 'ProVal'
2024-09-04 10:30:30 - DEBUG - Checking for ProVal process
2024-09-04 10:30:32 - DEBUG - ProVal window 'ProVal' is confirmed as active.
2024-09-04 10:36:36 - DEBUG - Logging setup completed
2024-09-04 10:36:36 - INFO - Script initialization started
2024-09-04 10:36:36 - INFO - Script execution started
2024-09-04 10:36:42 - INFO - Loading Excel file- this might take awhile...
2024-09-04 10:37:04 - DEBUG - Excel file loaded.
2024-09-04 10:37:07 - INFO - Prompting for batch size
2024-09-04 10:37:11 - INFO - Starting to process Excel row 2 (Log Record 1)
2024-09-04 10:37:11 - DEBUG - Raw row data: {'List Number': '24-1397', 'Property Type': 'Residential', 'Sold Date': Timestamp('2024-06-04 00:00:00'), 'Sold Price': 640000.0, 'Address': '6657  Portrush   Dr', 'Total SqFt.': 1859.0, 'Year Built': 2024.0, 'Lot Acres': 0.17, 'Total Bedrooms': 3.0, 'Total Bathrooms': 2.5, 'Parcel Number': 'RL7260020120', 'Legal': 'Lots 1 through 17, Block 1, and Lots 1 through 16, Block 2, Grace Meadows, according to the plat thereof recorded in', 'REO': 'No', 'AIN/Tax Bill': '348900', 'New Construction': 'Yes3', 'AIN': 348900.0, 'AIN.1': nan, 'pxfer_date': nan, 'AdjustedSalePrice': nan, 'Status': 'Error: AIN is not a valid number'}
2024-09-04 10:37:11 - DEBUG - Attempting to focus ProVal window with title 'ProVal'
2024-09-04 10:37:11 - DEBUG - Checking for ProVal process
2024-09-04 10:37:14 - DEBUG - ProVal window 'ProVal' is confirmed as active.
2024-09-04 10:37:14 - DEBUG - Record 1: Raw AIN_value = 348900.0, Type: <class 'float'>
2024-09-04 10:37:14 - DEBUG - Record 1: Sales value = 640000.0, Type: <class 'float'>
2024-09-04 10:37:14 - DEBUG - Record 1: Comment = MLS
2024-09-04 10:37:14 - DEBUG - Record 1: AIN after conversion and padding = 348900
2024-09-04 10:37:14 - INFO - Record 1: Final processed AIN = 348900
2024-09-04 10:37:18 - DEBUG - Record 1: About to input AIN: 348900
2024-09-04 10:37:19 - DEBUG - Record 1: Finished inputting AIN
2024-09-04 10:37:23 - INFO - Prompting for line of sale
2024-09-04 10:37:23 - DEBUG - Attempting to focus ProVal window with title 'ProVal'
2024-09-04 10:37:23 - DEBUG - Checking for ProVal process
2024-09-04 10:37:25 - DEBUG - ProVal window 'ProVal' is confirmed as active.
2024-09-04 10:38:05 - DEBUG - Attempting to focus ProVal window with title 'Update Sales Transaction Information'
2024-09-04 10:38:05 - DEBUG - Checking for ProVal process
2024-09-04 10:38:06 - DEBUG - ProVal window 'Update Sales Transaction Information' is confirmed as active.
2024-09-04 10:38:07 - DEBUG - Attempting to focus ProVal window with title 'ProVal'
2024-09-04 10:38:07 - DEBUG - Checking for ProVal process
2024-09-04 10:38:09 - DEBUG - ProVal window 'ProVal' is confirmed as active.
2024-09-04 10:38:09 - INFO - User exited line of sale selection.
2024-09-04 10:38:09 - INFO - Record 1: User skipped or exited the record.
2024-09-04 10:38:09 - INFO - Starting to process Excel row 3 (Log Record 2)
2024-09-04 10:38:09 - DEBUG - Raw row data: {'List Number': '24-1217', 'Property Type': 'Residential', 'Sold Date': Timestamp('2024-03-08 00:00:00'), 'Sold Price': 268000.0, 'Address': '775 E GREGORY   LN', 'Total SqFt.': 1216.0, 'Year Built': 1981.0, 'Lot Acres': 0.17, 'Total Bedrooms': 3.0, 'Total Bathrooms': 2.0, 'Parcel Number': 'C010000107A0', 'Legal': 'AMENDED PLAT OF WHISPERING PINES, LT 7A BLK 1 01 50N 04W', 'REO': 'No', 'AIN/Tax Bill': '123760', 'New Construction': 'No', 'AIN': 123760.0, 'AIN.1': nan, 'pxfer_date': nan, 'AdjustedSalePrice': nan, 'Status': 'Error: AIN is not a valid number'}
2024-09-04 10:38:09 - DEBUG - Attempting to focus ProVal window with title 'ProVal'
2024-09-04 10:38:09 - DEBUG - Checking for ProVal process
2024-09-04 10:38:10 - DEBUG - ProVal window 'ProVal' is confirmed as active.
2024-09-04 10:38:10 - DEBUG - Record 2: Raw AIN_value = 123760.0, Type: <class 'float'>
2024-09-04 10:38:10 - DEBUG - Record 2: Sales value = 268000.0, Type: <class 'float'>
2024-09-04 10:38:10 - DEBUG - Record 2: Comment = MLS
2024-09-04 10:38:10 - DEBUG - Record 2: AIN after conversion and padding = 123760
2024-09-04 10:38:10 - INFO - Record 2: Final processed AIN = 123760
2024-09-04 10:38:12 - DEBUG - Record 2: About to input AIN: 123760
2024-09-04 10:38:13 - DEBUG - Record 2: Finished inputting AIN
2024-09-04 10:38:17 - INFO - Prompting for line of sale
2024-09-04 10:38:17 - DEBUG - Attempting to focus ProVal window with title 'ProVal'
2024-09-04 10:38:17 - DEBUG - Checking for ProVal process
2024-09-04 10:38:19 - DEBUG - ProVal window 'ProVal' is confirmed as active.
2024-09-04 10:38:24 - DEBUG - Attempting to focus ProVal window with title 'Update Sales Transaction Information'
2024-09-04 10:38:24 - DEBUG - Checking for ProVal process
2024-09-04 10:38:25 - DEBUG - ProVal window 'Update Sales Transaction Information' is confirmed as active.
2024-09-04 10:38:26 - DEBUG - Attempting to focus ProVal window with title 'ProVal'
2024-09-04 10:38:26 - DEBUG - Checking for ProVal process
2024-09-04 10:38:28 - DEBUG - ProVal window 'ProVal' is confirmed as active.
2024-09-04 10:38:28 - INFO - User exited line of sale selection.
2024-09-04 10:38:28 - INFO - Record 2: User skipped or exited the record.
2024-09-04 10:38:28 - INFO - Starting to process Excel row 4 (Log Record 3)
2024-09-04 10:38:28 - DEBUG - Raw row data: {'List Number': '24-988', 'Property Type': 'Residential', 'Sold Date': Timestamp('2024-04-02 00:00:00'), 'Sold Price': 548950.0, 'Address': '3177 N Coco   St', 'Total SqFt.': 2241.0, 'Year Built': 2024.0, 'Lot Acres': 0.17, 'Total Bedrooms': 3.0, 'Total Bathrooms': 2.5, 'Parcel Number': 'PL7740020130', 'Legal': 'CORBINS MEADOW, LT 13 BLK 2 2551N05W', 'REO': 'No', 'AIN/Tax Bill': '349590', 'New Construction': 'Yes4', 'AIN': 349590.0, 'AIN.1': nan, 'pxfer_date': nan, 'AdjustedSalePrice': nan, 'Status': 'Error: AIN is not a valid number'}
2024-09-04 10:38:28 - DEBUG - Attempting to focus ProVal window with title 'ProVal'
2024-09-04 10:38:28 - DEBUG - Checking for ProVal process
2024-09-04 10:38:29 - DEBUG - ProVal window 'ProVal' is confirmed as active.
2024-09-04 10:38:29 - DEBUG - Record 3: Raw AIN_value = 349590.0, Type: <class 'float'>
2024-09-04 10:38:30 - DEBUG - Record 3: Sales value = 548950.0, Type: <class 'float'>
2024-09-04 10:38:30 - DEBUG - Record 3: Comment = MLS
2024-09-04 10:38:30 - DEBUG - Record 3: AIN after conversion and padding = 349590
2024-09-04 10:38:30 - INFO - Record 3: Final processed AIN = 349590
2024-09-04 10:38:31 - DEBUG - Record 3: About to input AIN: 349590
2024-09-04 10:38:32 - DEBUG - Record 3: Finished inputting AIN
2024-09-04 10:38:36 - INFO - Prompting for line of sale
2024-09-04 10:38:36 - DEBUG - Attempting to focus ProVal window with title 'ProVal'
2024-09-04 10:38:36 - DEBUG - Checking for ProVal process
2024-09-04 10:38:38 - DEBUG - ProVal window 'ProVal' is confirmed as active.
